<?xml version="1.0" encoding="UTF-8"?>
<testng-results skipped="0" failed="0" ignored="0" total="1" passed="1">
  <reporter-output>
  </reporter-output>
  <suite name="Suite" duration-ms="18281" started-at="2021-02-09T16:45:17Z" finished-at="2021-02-09T16:45:36Z">
    <groups>
    </groups>
    <test name="Test" duration-ms="18281" started-at="2021-02-09T16:45:17Z" finished-at="2021-02-09T16:45:36Z">
      <class name="testcases.ClassRegistration">
        <test-method status="PASS" signature="setupTest()[pri:0, instance:testcases.ClassRegistration@46d56d67]" name="setupTest" is-config="true" duration-ms="13128" started-at="2021-02-09T16:45:17Z" finished-at="2021-02-09T16:45:30Z">
          <reporter-output>
          </reporter-output>
        </test-method> <!-- setupTest -->
        <test-method status="PASS" signature="classRegistration()[pri:1, instance:testcases.ClassRegistration@46d56d67]" name="classRegistration" duration-ms="3764" started-at="2021-02-09T16:45:30Z" finished-at="2021-02-09T16:45:34Z">
          <reporter-output>
          </reporter-output>
        </test-method> <!-- classRegistration -->
        <test-method status="PASS" signature="teardown()[pri:0, instance:testcases.ClassRegistration@46d56d67]" name="teardown" is-config="true" duration-ms="1335" started-at="2021-02-09T16:45:34Z" finished-at="2021-02-09T16:45:36Z">
          <reporter-output>
          </reporter-output>
        </test-method> <!-- teardown -->
      </class> <!-- testcases.ClassRegistration -->
    </test> <!-- Test -->
  </suite> <!-- Suite -->
</testng-results>
